<?xml version="1.0" encoding="UTF-8"?>
<testng-results skipped="0" failed="0" ignored="0" total="4" passed="4">
  <reporter-output>
  </reporter-output>
  <suite name="Suite" duration-ms="44" started-at="2018-03-21T08:12:00Z" finished-at="2018-03-21T08:12:00Z">
    <groups>
    </groups>
    <test name="Test" duration-ms="44" started-at="2018-03-21T08:12:00Z" finished-at="2018-03-21T08:12:00Z">
      <class name="demo.demo">
        <test-method status="PASS" signature="m()[pri:0, instance:demo.demo@1324409e]" name="m" duration-ms="0" started-at="2018-03-21T13:42:00Z" finished-at="2018-03-21T13:42:00Z">
          <reporter-output>
          </reporter-output>
        </test-method> <!-- m -->
        <test-method status="PASS" signature="m1()[pri:0, instance:demo.demo@1324409e]" name="m1" duration-ms="0" started-at="2018-03-21T13:42:00Z" finished-at="2018-03-21T13:42:00Z">
          <reporter-output>
          </reporter-output>
        </test-method> <!-- m1 -->
      </class> <!-- demo.demo -->
      <class name="com.seleniumdemo.TestDemo">
        <test-method status="PASS" signature="m()[pri:0, instance:com.seleniumdemo.TestDemo@17550481]" name="m" duration-ms="11" started-at="2018-03-21T13:42:00Z" finished-at="2018-03-21T13:42:00Z">
          <reporter-output>
          </reporter-output>
        </test-method> <!-- m -->
        <test-method status="PASS" signature="m1()[pri:0, instance:com.seleniumdemo.TestDemo@17550481]" name="m1" duration-ms="0" started-at="2018-03-21T13:42:00Z" finished-at="2018-03-21T13:42:00Z">
          <reporter-output>
          </reporter-output>
        </test-method> <!-- m1 -->
      </class> <!-- com.seleniumdemo.TestDemo -->
    </test> <!-- Test -->
  </suite> <!-- Suite -->
</testng-results>
