<?xml version="1.0" encoding="UTF-8"?>
<testng-results skipped="0" failed="0" ignored="0" total="1" passed="1">
  <reporter-output>
  </reporter-output>
  <suite name="Default suite" duration-ms="15725" started-at="2018-03-22T15:57:30Z" finished-at="2018-03-22T15:57:46Z">
    <groups>
    </groups>
    <test name="Default test" duration-ms="15725" started-at="2018-03-22T15:57:30Z" finished-at="2018-03-22T15:57:46Z">
      <class name="SeleniumGrid.Grid_Practise_22_March_2018">
        <test-method status="PASS" signature="Grid()[pri:0, instance:SeleniumGrid.Grid_Practise_22_March_2018@66a3ffec]" name="Grid" duration-ms="15705" started-at="2018-03-22T21:27:30Z" finished-at="2018-03-22T21:27:46Z">
          <reporter-output>
          </reporter-output>
        </test-method> <!-- Grid -->
      </class> <!-- SeleniumGrid.Grid_Practise_22_March_2018 -->
    </test> <!-- Default test -->
  </suite> <!-- Default suite -->
</testng-results>
